<?xml version="1.0" encoding="UTF-8"?>
<!-- Generated by org.testng.reporters.JUnitReportReporter -->
<testsuite hostname="VS" failures="0" tests="1" name="scripting.Testcase2" time="126.581" errors="0" timestamp="2022-11-04T13:40:04 IST" skipped="0">
  <testcase classname="scripting.Testcase2" name="tc2" time="126.581"/>
  <system-out/>
</testsuite> <!-- scripting.Testcase2 -->
